                              1 ;--------------------------------------------------------
                              2 ; File Created by SDCC : FreeWare ANSI-C Compiler
                              3 ; Version 2.3.1 Sat Apr  4 17:11:00 2015
                              4 
                              5 ;--------------------------------------------------------
                              6 	.module lcc542840
                              7 	
                              8 ;--------------------------------------------------------
                              9 ; Public variables in this module
                             10 ;--------------------------------------------------------
                             11 	.globl _bank_1
                             12 	.globl _var_1
                             13 ;--------------------------------------------------------
                             14 ; special function registers
                             15 ;--------------------------------------------------------
                             16 ;--------------------------------------------------------
                             17 ; special function bits 
                             18 ;--------------------------------------------------------
                             19 ;--------------------------------------------------------
                             20 ; internal ram data
                             21 ;--------------------------------------------------------
                             22 	.area _DATA_1
   0000                      23 _var_1::
   0000                      24 	.ds 2
                             25 ;--------------------------------------------------------
                             26 ; overlayable items in internal ram 
                             27 ;--------------------------------------------------------
                             28 	.area _OVERLAY
                             29 ;--------------------------------------------------------
                             30 ; indirectly addressable internal ram data
                             31 ;--------------------------------------------------------
                             32 	.area _ISEG
                             33 ;--------------------------------------------------------
                             34 ; bit data
                             35 ;--------------------------------------------------------
                             36 	.area _BSEG
                             37 ;--------------------------------------------------------
                             38 ; external ram data
                             39 ;--------------------------------------------------------
                             40 	.area _XSEG
                             41 ;--------------------------------------------------------
                             42 ; global & static initialisations
                             43 ;--------------------------------------------------------
                             44 	.area _GSINIT
                             45 	.area _GSFINAL
                             46 	.area _GSINIT
                             47 ;--------------------------------------------------------
                             48 ; Home
                             49 ;--------------------------------------------------------
                             50 	.area _HOME
                             51 ;	bank_1.c 6
                             52 ;	genLabel
                             53 ;	genFunction
                             54 ;	---------------------------------
                             55 ; Function bank_1
                             56 ; ---------------------------------
   0000                      57 ___bank_1_start:
   0000                      58 _bank_1:
                             59 	
                             60 ;	bank_1.c 8
                             61 ;	genIpush
                             62 ; _saveRegsForCall: sendSetSize: 0 deInUse: 0 bcInUse: 0 deSending: 0
   0000 21 0A 00             63 	ld	hl,#__str_0
   0003 E5                   64 	push	hl
                             65 ;	genCall
   0004 CD 00 00             66 	call	_puts
   0007 E8 02                67 	lda	sp,2(sp)
                             68 ;	genLabel
   0009                      69 00101$:
                             70 ;	genEndFunction
                             71 	
   0009 C9                   72 	ret
   000A                      73 ___bank_1_end:
   000A                      74 __str_0:
   000A 49 27 6D 20 69 6E    75 	.ascii "I'm in ROM bank 1"
        20 52 4F 4D 20 62
        61 6E 6B 20 31
   001B 00                   76 	.db 0x00
                             77 	.area _CODE_1
                             78 ;--------------------------------------------------------
                             79 ; code
                             80 ;--------------------------------------------------------
                             81 	.area _CODE_1
                             82 	.area _CODE_1
ASxxxx Assembler V01.75  (GameBoy Z80-like CPU), page 1.

Symbol Table

  8 ___bank_1_end                      000A R
  8 ___bank_1_start                    0000 R
  8 __str_0                            000A R
  8 _bank_1                            0000 GR
    _puts                              **** GX
  1 _var_1                             0000 GR

ASxxxx Assembler V01.75  (GameBoy Z80-like CPU), page 2.

Area Table

   0 _CODE                              size    0   flags 0
   1 _DATA_1                            size    2   flags 0
   2 _OVERLAY                           size    0   flags 0
   3 _ISEG                              size    0   flags 0
   4 _BSEG                              size    0   flags 0
   5 _XSEG                              size    0   flags 0
   6 _GSINIT                            size    0   flags 0
   7 _GSFINAL                           size    0   flags 0
   8 _HOME                              size   1C   flags 0
   9 _CODE_1                            size    0   flags 0
