                              1 ;--------------------------------------------------------
                              2 ; File Created by SDCC : FreeWare ANSI-C Compiler
                              3 ; Version 2.3.1 Sat Apr  4 17:10:57 2015
                              4 
                              5 ;--------------------------------------------------------
                              6 	.module lcc542640
                              7 	
                              8 ;--------------------------------------------------------
                              9 ; Public variables in this module
                             10 ;--------------------------------------------------------
                             11 	.globl _main
                             12 ;--------------------------------------------------------
                             13 ; special function registers
                             14 ;--------------------------------------------------------
                             15 ;--------------------------------------------------------
                             16 ; special function bits 
                             17 ;--------------------------------------------------------
                             18 ;--------------------------------------------------------
                             19 ; internal ram data
                             20 ;--------------------------------------------------------
                             21 	.area _DATA
                             22 ;--------------------------------------------------------
                             23 ; overlayable items in internal ram 
                             24 ;--------------------------------------------------------
                             25 	.area _OVERLAY
                             26 ;--------------------------------------------------------
                             27 ; indirectly addressable internal ram data
                             28 ;--------------------------------------------------------
                             29 	.area _ISEG
                             30 ;--------------------------------------------------------
                             31 ; bit data
                             32 ;--------------------------------------------------------
                             33 	.area _BSEG
                             34 ;--------------------------------------------------------
                             35 ; external ram data
                             36 ;--------------------------------------------------------
                             37 	.area _XSEG
                             38 ;--------------------------------------------------------
                             39 ; global & static initialisations
                             40 ;--------------------------------------------------------
                             41 	.area _GSINIT
                             42 	.area _GSFINAL
                             43 	.area _GSINIT
                             44 ;--------------------------------------------------------
                             45 ; Home
                             46 ;--------------------------------------------------------
                             47 	.area _HOME
                             48 	.area _CODE
                             49 ;--------------------------------------------------------
                             50 ; code
                             51 ;--------------------------------------------------------
                             52 	.area _CODE
                             53 ;	fonts.c 12
                             54 ;	genLabel
                             55 ;	genFunction
                             56 ;	---------------------------------
                             57 ; Function main
                             58 ; ---------------------------------
   0000                      59 ___main_start:
   0000                      60 _main:
   0000 E8 FA                61 	lda	sp,-6(sp)
                             62 ;	fonts.c 18
                             63 ;	genCall
                             64 ; _saveRegsForCall: sendSetSize: 0 deInUse: 0 bcInUse: 0 deSending: 0
   0002 CD 00 00             65 	call	_font_init
                             66 ;	fonts.c 21
                             67 ;	genIpush
                             68 ; _saveRegsForCall: sendSetSize: 0 deInUse: 0 bcInUse: 0 deSending: 0
   0005 21 00 00             69 	ld	hl,#_font_ibm
   0008 E5                   70 	push	hl
                             71 ;	genCall
   0009 CD 00 00             72 	call	_font_load
   000C 42                   73 	ld	b,d
   000D 4B                   74 	ld	c,e
   000E E8 02                75 	lda	sp,2(sp)
                             76 ;	genAssign
                             77 ;	AOP_STK for _main_ibm_font_1_1
   0010 F8 04                78 	lda	hl,4(sp)
   0012 71                   79 	ld	(hl),c
   0013 23                   80 	inc	hl
   0014 70                   81 	ld	(hl),b
                             82 ;	fonts.c 22
                             83 ;	genIpush
                             84 ; _saveRegsForCall: sendSetSize: 0 deInUse: 0 bcInUse: 0 deSending: 0
   0015 21 00 00             85 	ld	hl,#_font_italic
   0018 E5                   86 	push	hl
                             87 ;	genCall
   0019 CD 00 00             88 	call	_font_load
                             89 ;	AOP_STK for _main_italic_font_1_1
   001C F8 05                90 	lda	hl,5(sp)
   001E 72                   91 	ld	(hl),d
   001F 2B                   92 	dec	hl
   0020 73                   93 	ld	(hl),e
   0021 E8 02                94 	lda	sp,2(sp)
                             95 ;	genAssign
                             96 ;	AOP_STK for _main_italic_font_1_1
                             97 ;	(registers are the same)
                             98 ;	fonts.c 25
                             99 ;	genIpush
                            100 ; _saveRegsForCall: sendSetSize: 0 deInUse: 0 bcInUse: 0 deSending: 0
   0023 21 02 00            101 	ld	hl,#0x0002
   0026 E5                  102 	push	hl
                            103 ;	genIpush
   0027 3E 00               104 	ld	a,#0x00
   0029 F5                  105 	push	af
   002A 33                  106 	inc	sp
                            107 ;	genCall
   002B CD 00 00            108 	call	_color
   002E E8 03               109 	lda	sp,3(sp)
                            110 ;	fonts.c 27
                            111 ;	genIpush
                            112 ; _saveRegsForCall: sendSetSize: 0 deInUse: 0 bcInUse: 0 deSending: 0
   0030 21 00 00            113 	ld	hl,#_font_min
   0033 E5                  114 	push	hl
                            115 ;	genCall
   0034 CD 00 00            116 	call	_font_load
                            117 ;	AOP_STK for _main_min_font_1_1
   0037 F8 03               118 	lda	hl,3(sp)
   0039 72                  119 	ld	(hl),d
   003A 2B                  120 	dec	hl
   003B 73                  121 	ld	(hl),e
   003C E8 02               122 	lda	sp,2(sp)
                            123 ;	genAssign
                            124 ;	AOP_STK for _main_min_font_1_1
                            125 ;	(registers are the same)
                            126 ;	fonts.c 30
                            127 ;	genCall
                            128 ; _saveRegsForCall: sendSetSize: 0 deInUse: 0 bcInUse: 0 deSending: 0
   003E CD 00 00            129 	call	_get_mode
   0041 4B                  130 	ld	c,e
                            131 ;	genOr
   0042 79                  132 	ld	a,c
   0043 F6 04               133 	or	a,#0x04
                            134 ;	genIpush
                            135 ; _saveRegsForCall: sendSetSize: 0 deInUse: 0 bcInUse: 0 deSending: 0
   0045 4F                  136 	ld	c,a
   0046 F5                  137 	push	af
   0047 33                  138 	inc	sp
                            139 ;	genCall
   0048 CD 00 00            140 	call	_mode
   004B E8 01               141 	lda	sp,1(sp)
                            142 ;	fonts.c 35
                            143 ;	genIpush
                            144 ; _saveRegsForCall: sendSetSize: 0 deInUse: 0 bcInUse: 0 deSending: 0
                            145 ;	AOP_STK for _main_ibm_font_1_1
   004D F8 04               146 	lda	hl,4(sp)
   004F 2A                  147 	ld	a,(hl+)
   0050 66                  148 	ld	h,(hl)
   0051 6F                  149 	ld	l,a
   0052 E5                  150 	push	hl
                            151 ;	genCall
   0053 CD 00 00            152 	call	_font_set
   0056 E8 02               153 	lda	sp,2(sp)
                            154 ;	fonts.c 36
                            155 ;	genIpush
                            156 ; _saveRegsForCall: sendSetSize: 0 deInUse: 0 bcInUse: 0 deSending: 0
   0058 21 BE 00            157 	ld	hl,#__str_0
   005B E5                  158 	push	hl
                            159 ;	genCall
   005C CD 00 00            160 	call	_printf
   005F E8 02               161 	lda	sp,2(sp)
                            162 ;	fonts.c 38
                            163 ;	genIpush
                            164 ; _saveRegsForCall: sendSetSize: 0 deInUse: 0 bcInUse: 0 deSending: 0
   0061 21 CB 00            165 	ld	hl,#__str_1
   0064 E5                  166 	push	hl
                            167 ;	genCall
   0065 CD 00 00            168 	call	_printf
   0068 E8 02               169 	lda	sp,2(sp)
                            170 ;	fonts.c 41
                            171 ;	genIpush
                            172 ; _saveRegsForCall: sendSetSize: 0 deInUse: 0 bcInUse: 0 deSending: 0
                            173 ;	AOP_STK for _main_italic_font_1_1
   006A F8 02               174 	lda	hl,2(sp)
   006C 2A                  175 	ld	a,(hl+)
   006D 66                  176 	ld	h,(hl)
   006E 6F                  177 	ld	l,a
   006F E5                  178 	push	hl
                            179 ;	genCall
   0070 CD 00 00            180 	call	_font_set
   0073 E8 02               181 	lda	sp,2(sp)
                            182 ;	fonts.c 42
                            183 ;	genAssign
   0075 01 01 00            184 	ld	bc,#0x0001
                            185 ;	genLabel
   0078                     186 00101$:
                            187 ;	genCmpEq
                            188 ; genCmpEq: left 2, right 2, result 0
   0078 79                  189 	ld	a,c
   0079 FE 05               190 	cp	a,#0x05
   007B C2 83 00            191 	jp	nz,00109$
   007E 78                  192 	ld	a,b
   007F B7                  193 	or	a,a
   0080 CA 93 00            194 	jp	z,00104$
   0083                     195 00109$:
                            196 ;	fonts.c 43
                            197 ;	genIpush
                            198 ; _saveRegsForCall: sendSetSize: 0 deInUse: 0 bcInUse: 1 deSending: 0
   0083 C5                  199 	push	bc
   0084 C5                  200 	push	bc
                            201 ;	genIpush
   0085 21 DC 00            202 	ld	hl,#__str_2
   0088 E5                  203 	push	hl
                            204 ;	genCall
   0089 CD 00 00            205 	call	_printf
   008C E8 04               206 	lda	sp,4(sp)
   008E C1                  207 	pop	bc
                            208 ;	fonts.c 42
                            209 ;	genPlus
                            210 ;	genPlusIncr
   008F 03                  211 	inc	bc
                            212 ;	genGoto
   0090 C3 78 00            213 	jp	00101$
                            214 ;	genLabel
   0093                     215 00104$:
                            216 ;	fonts.c 47
                            217 ;	genIpush
                            218 ; _saveRegsForCall: sendSetSize: 0 deInUse: 0 bcInUse: 0 deSending: 0
                            219 ;	AOP_STK for _main_min_font_1_1
   0093 F8 00               220 	lda	hl,0(sp)
   0095 2A                  221 	ld	a,(hl+)
   0096 66                  222 	ld	h,(hl)
   0097 6F                  223 	ld	l,a
   0098 E5                  224 	push	hl
                            225 ;	genCall
   0099 CD 00 00            226 	call	_font_set
   009C E8 02               227 	lda	sp,2(sp)
                            228 ;	fonts.c 48
                            229 ;	genIpush
                            230 ; _saveRegsForCall: sendSetSize: 0 deInUse: 0 bcInUse: 0 deSending: 0
   009E 21 F1 00            231 	ld	hl,#__str_3
   00A1 E5                  232 	push	hl
                            233 ;	genCall
   00A2 CD 00 00            234 	call	_printf
   00A5 E8 02               235 	lda	sp,2(sp)
                            236 ;	fonts.c 51
                            237 ;	genIpush
                            238 ; _saveRegsForCall: sendSetSize: 0 deInUse: 0 bcInUse: 0 deSending: 0
                            239 ;	AOP_STK for _main_ibm_font_1_1
   00A7 F8 04               240 	lda	hl,4(sp)
   00A9 2A                  241 	ld	a,(hl+)
   00AA 66                  242 	ld	h,(hl)
   00AB 6F                  243 	ld	l,a
   00AC E5                  244 	push	hl
                            245 ;	genCall
   00AD CD 00 00            246 	call	_font_set
   00B0 E8 02               247 	lda	sp,2(sp)
                            248 ;	fonts.c 52
                            249 ;	genIpush
                            250 ; _saveRegsForCall: sendSetSize: 0 deInUse: 0 bcInUse: 0 deSending: 0
   00B2 21 07 01            251 	ld	hl,#__str_4
   00B5 E5                  252 	push	hl
                            253 ;	genCall
   00B6 CD 00 00            254 	call	_printf
   00B9 E8 02               255 	lda	sp,2(sp)
                            256 ;	genLabel
   00BB                     257 00105$:
                            258 ;	genEndFunction
   00BB E8 06               259 	lda	sp,6(sp)
   00BD C9                  260 	ret
   00BE                     261 ___main_end:
   00BE                     262 __str_0:
   00BE 46 6F 6E 74 20 64   263 	.ascii "Font demo."
        65 6D 6F 2E
   00C8 0A                  264 	.db 0x0A
   00C9 0A                  265 	.db 0x0A
   00CA 00                  266 	.db 0x00
   00CB                     267 __str_1:
   00CB 49 42 4D 20 46 6F   268 	.ascii "IBM Font #!?123"
        6E 74 20 23 21 3F
        31 32 33
   00DA 0A                  269 	.db 0x0A
   00DB 00                  270 	.db 0x00
   00DC                     271 __str_2:
   00DC 49 6E 20 69 74 61   272 	.ascii "In italics, line %u"
        6C 69 63 73 2C 20
        6C 69 6E 65 20 25
        75
   00EF 0A                  273 	.db 0x0A
   00F0 00                  274 	.db 0x00
   00F1                     275 __str_3:
   00F1 4D 69 6E 69 6D 61   276 	.ascii "Minimal 36 tile font"
        6C 20 33 36 20 74
        69 6C 65 20 66 6F
        6E 74
   0105 0A                  277 	.db 0x0A
   0106 00                  278 	.db 0x00
   0107                     279 __str_4:
   0107 0A                  280 	.db 0x0A
   0108 44 6F 6E 65 21      281 	.ascii "Done!"
   010D 00                  282 	.db 0x00
                            283 	.area _CODE
ASxxxx Assembler V01.75  (GameBoy Z80-like CPU), page 1.

Symbol Table

  0 ___main_end                        00BE R
  0 ___main_start                      0000 R
  0 __str_0                            00BE R
  0 __str_1                            00CB R
  0 __str_2                            00DC R
  0 __str_3                            00F1 R
  0 __str_4                            0107 R
    _color                             **** GX
    _font_ibm                          **** GX
    _font_init                         **** GX
    _font_italic                       **** GX
    _font_load                         **** GX
    _font_min                          **** GX
    _font_set                          **** GX
    _get_mode                          **** GX
  0 _main                              0000 GR
    _mode                              **** GX
    _printf                            **** GX

ASxxxx Assembler V01.75  (GameBoy Z80-like CPU), page 2.

Area Table

   0 _CODE                              size  10E   flags 0
   1 _DATA                              size    0   flags 0
   2 _OVERLAY                           size    0   flags 0
   3 _ISEG                              size    0   flags 0
   4 _BSEG                              size    0   flags 0
   5 _XSEG                              size    0   flags 0
   6 _GSINIT                            size    0   flags 0
   7 _GSFINAL                           size    0   flags 0
   8 _HOME                              size    0   flags 0
