This file contains any messages produced by compilers while
running configure, to aid debugging if configure makes a mistake.

configure:532: checking for mawk
configure:563: checking version of the package
configure:603: checking for c++
configure:635: checking whether the C++ compiler (g++  ) works
configure:651: g++ -o conftest    conftest.C  1>&5
configure:677: checking whether the C++ compiler (g++  ) is a cross-compiler
configure:682: checking whether we are using GNU C++
configure:710: checking whether g++ accepts -g
configure:742: checking how to run the C++ preprocessor
configure:760: g++ -E  conftest.C >/dev/null 2>conftest.out
configure:815: checking for a BSD compatible install
configure:870: checking for ranlib
configure:908: checking for strip
configure:944: checking for ANSI C header files
configure:1054: checking for getopt.h
configure:1094: checking for unistd.h
configure:1132: checking for sys/socket.h
configure:1194: checking for dlfcn.h
configure:1204: g++ -E  conftest.C >/dev/null 2>conftest.out
configure:1230: checking for dirent.h that defines DIR
configure:1268: checking for opendir in -ldir
configure:1360: checking which header file defines FD_ macros
configure:1476: checking for socket in -lsocket
configure:1498: g++ -o conftest    conftest.C -lsocket   1>&5
In file included from configure:1484:
./confdefs.h:16:9: warning: 'FD_HEADER_OK' macro redefined
#define FD_HEADER_OK 1
        ^
./confdefs.h:13:9: note: previous definition is here
#define FD_HEADER_OK 0
        ^
1 warning generated.
ld: library not found for -lsocket
clang: error: linker command failed with exit code 1 (use -v to see invocation)
configure: failed program was:
#line 1484 "configure"
#include "confdefs.h"
/* Override any gcc2 internal prototype to avoid an error.  */
#ifdef __cplusplus
extern "C"
#endif
/* We use char because int might match the return type of a gcc2
    builtin and then its argument prototype would still apply.  */
char socket();

int main() {
socket()
; return 0; }
configure:1526: checking for xdr_short in -lnsl
configure:1548: g++ -o conftest    conftest.C -lnsl   1>&5
In file included from configure:1534:
./confdefs.h:16:9: warning: 'FD_HEADER_OK' macro redefined
#define FD_HEADER_OK 1
        ^
./confdefs.h:13:9: note: previous definition is here
#define FD_HEADER_OK 0
        ^
1 warning generated.
ld: library not found for -lnsl
clang: error: linker command failed with exit code 1 (use -v to see invocation)
configure: failed program was:
#line 1534 "configure"
#include "confdefs.h"
/* Override any gcc2 internal prototype to avoid an error.  */
#ifdef __cplusplus
extern "C"
#endif
/* We use char because int might match the return type of a gcc2
    builtin and then its argument prototype would still apply.  */
char xdr_short();

int main() {
xdr_short()
; return 0; }
configure:1576: checking for dlopen in -ldl
configure:1598: g++ -o conftest    conftest.C -ldl   1>&5
In file included from configure:1584:
./confdefs.h:16:9: warning: 'FD_HEADER_OK' macro redefined
#define FD_HEADER_OK 1
        ^
./confdefs.h:13:9: note: previous definition is here
#define FD_HEADER_OK 0
        ^
1 warning generated.
configure:1624: checking for panel_above in -lpanel
configure:1646: g++ -o conftest    conftest.C -lpanel -lcurses  1>&5
In file included from configure:1632:
./confdefs.h:16:9: warning: 'FD_HEADER_OK' macro redefined
#define FD_HEADER_OK 1
        ^
./confdefs.h:13:9: note: previous definition is here
#define FD_HEADER_OK 0
        ^
1 warning generated.
configure:1722: checking for vprintf
configure:1753: g++ -o conftest    conftest.C  1>&5
In file included from configure:1727:
./confdefs.h:16:9: warning: 'FD_HEADER_OK' macro redefined
#define FD_HEADER_OK 1
        ^
./confdefs.h:13:9: note: previous definition is here
#define FD_HEADER_OK 0
        ^
1 warning generated.
configure:1835: checking for vsnprintf
configure:1866: g++ -o conftest    conftest.C  1>&5
In file included from configure:1840:
./confdefs.h:16:9: warning: 'FD_HEADER_OK' macro redefined
#define FD_HEADER_OK 1
        ^
./confdefs.h:13:9: note: previous definition is here
#define FD_HEADER_OK 0
        ^
1 warning generated.
configure:1835: checking for vasprintf
configure:1866: g++ -o conftest    conftest.C  1>&5
In file included from configure:1840:
./confdefs.h:16:9: warning: 'FD_HEADER_OK' macro redefined
#define FD_HEADER_OK 1
        ^
./confdefs.h:13:9: note: previous definition is here
#define FD_HEADER_OK 0
        ^
configure:1860:11: warning: format string missing [-Wformat]
vasprintf();
~~~~~~~~~ ^
2 warnings generated.
configure:1893: checking for strlen
configure:1893: checking for strcpy
configure:1893: checking for strcat
configure:1893: checking for strstr
configure:1893: checking for strcmp
configure:1893: checking for strerror
configure:1893: checking for strtok
configure:1893: checking for strdup
configure:1951: checking for strchr
configure:1951: checking for memcpy
configure:2009: checking for fgets
configure:2067: checking for yylex
configure:2124: checking whether scanf knows %a
configure:2156: g++ -o conftest    conftest.C  1>&5
In file included from configure:2133:
./confdefs.h:16:9: warning: 'FD_HEADER_OK' macro redefined
#define FD_HEADER_OK 1
        ^
./confdefs.h:13:9: note: previous definition is here
#define FD_HEADER_OK 0
        ^
configure:2139:1: error: 'main' must return 'int'
void main(void)
^~~~
int
1 warning and 1 error generated.
configure: failed program was:
#line 2133 "configure"
#include "confdefs.h"
#ifdef __cplusplus
extern "C" void exit(int);
#endif

#include <stdio.h>
void main(void)
{
  FILE *f;
  char *a;
  int  i;
  if ((f= fopen("conftest.data", "r")) == NULL)
    exit(1);
  i= fscanf(f, " %a[a-z] ", &a);
  fclose(f);
  if (i == 0)
    exit(2);
  if (i == 1)
    exit(0);
  exit(3);
}
configure:2180: checking whether getcwd is GNUish
configure:2202: g++ -o conftest    conftest.C  1>&5
In file included from configure:2188:
./confdefs.h:16:9: warning: 'FD_HEADER_OK' macro redefined
#define FD_HEADER_OK 1
        ^
./confdefs.h:13:9: note: previous definition is here
#define FD_HEADER_OK 0
        ^
configure:2194:1: error: 'main' must return 'int'
void main(void)
^~~~
int
1 warning and 1 error generated.
configure: failed program was:
#line 2188 "configure"
#include "confdefs.h"
#ifdef __cplusplus
extern "C" void exit(int);
#endif

#include <unistd.h>
void main(void)
{
  if ((getcwd(NULL, 0)) == NULL)
    exit(1);
  exit(0);
}
configure:2229: checking for type of length pointer parameter of accept
configure:2246: g++ -c   -DACCEPT_SOCKLEN_T=int conftest.C 1>&5
In file included from configure:2238:
./confdefs.h:16:9: warning: 'FD_HEADER_OK' macro redefined
#define FD_HEADER_OK 1
        ^
./confdefs.h:13:9: note: previous definition is here
#define FD_HEADER_OK 0
        ^
configure:2242:29: error: no matching function for call to 'accept'
struct sockaddr a; int len; accept (0, &a, &len);
                            ^~~~~~
/usr/include/sys/socket.h:560:5: note: candidate function not viable: no known conversion from 'int *' to 'socklen_t *' (aka 'unsigned int *') for 3rd argument
int     accept(int, struct sockaddr * __restrict, socklen_t * __restrict)
        ^
1 warning and 1 error generated.
configure: failed program was:
#line 2238 "configure"
#include "confdefs.h"
#include <sys/types.h>
#include <sys/socket.h>
int main() {
struct sockaddr a; int len; accept (0, &a, &len);
; return 0; }
configure:2246: g++ -c   -DACCEPT_SOCKLEN_T=size_t conftest.C 1>&5
In file included from configure:2238:
./confdefs.h:16:9: warning: 'FD_HEADER_OK' macro redefined
#define FD_HEADER_OK 1
        ^
./confdefs.h:13:9: note: previous definition is here
#define FD_HEADER_OK 0
        ^
configure:2242:32: error: no matching function for call to 'accept'
struct sockaddr a; size_t len; accept (0, &a, &len);
                               ^~~~~~
/usr/include/sys/socket.h:560:5: note: candidate function not viable: no known conversion from 'size_t *' (aka 'unsigned long *') to 'socklen_t *' (aka 'unsigned int *') for 3rd argument
int     accept(int, struct sockaddr * __restrict, socklen_t * __restrict)
        ^
1 warning and 1 error generated.
configure: failed program was:
#line 2238 "configure"
#include "confdefs.h"
#include <sys/types.h>
#include <sys/socket.h>
int main() {
struct sockaddr a; size_t len; accept (0, &a, &len);
; return 0; }
configure:2246: g++ -c   -DACCEPT_SOCKLEN_T=socklen_t conftest.C 1>&5
In file included from configure:2238:
./confdefs.h:16:9: warning: 'FD_HEADER_OK' macro redefined
#define FD_HEADER_OK 1
        ^
./confdefs.h:13:9: note: previous definition is here
#define FD_HEADER_OK 0
        ^
1 warning generated.
configure:2293: checking whether byte ordering is bigendian
configure:2311: g++ -c   conftest.C 1>&5
In file included from configure:2300:
./confdefs.h:16:9: warning: 'FD_HEADER_OK' macro redefined
#define FD_HEADER_OK 1
        ^
./confdefs.h:13:9: note: previous definition is here
#define FD_HEADER_OK 0
        ^
1 warning generated.
configure:2326: g++ -c   conftest.C 1>&5
In file included from configure:2315:
./confdefs.h:16:9: warning: 'FD_HEADER_OK' macro redefined
#define FD_HEADER_OK 1
        ^
./confdefs.h:13:9: note: previous definition is here
#define FD_HEADER_OK 0
        ^
configure:2321:6: error: use of undeclared identifier 'big'
 not big endian
     ^
1 warning and 1 error generated.
configure: failed program was:
#line 2315 "configure"
#include "confdefs.h"
#include <sys/types.h>
#include <sys/param.h>
int main() {

#if BYTE_ORDER != BIG_ENDIAN
 not big endian
#endif
; return 0; }
configure:2386: checking whether preprocessor accepts -MM or -M
Apple LLVM version 6.0 (clang-600.0.57) (based on LLVM 3.5svn)
Target: x86_64-apple-darwin14.3.0
Thread model: posix
clang: warning: treating 'c' input as 'c++' when in C++ mode, this behavior is deprecated
 "/Library/Developer/CommandLineTools/usr/bin/clang" -cc1 -triple x86_64-apple-macosx10.10.0 -Eonly -disable-free -disable-llvm-verifier -main-file-name _test_.c -mrelocation-model pic -pic-level 2 -mdisable-fp-elim -masm-verbose -munwind-tables -target-cpu core2 -target-linker-version 241.9 -v -resource-dir /Library/Developer/CommandLineTools/usr/bin/../lib/clang/6.0 -dependency-file - -MT _test_.o -stdlib=libc++ -fdeprecated-macro -fdebug-compilation-dir /Users/rodrigovillacorta_beta/Projects/Gameboy/gbdk-master/sdcc/sim/ucsim -ferror-limit 19 -fmessage-length 0 -stack-protector 1 -mstackrealign -fblocks -fobjc-runtime=macosx-10.10.0 -fencode-extended-block-signature -fcxx-exceptions -fexceptions -fdiagnostics-show-option -vectorize-slp -x c++ _test_.c
clang -cc1 version 6.0 based upon LLVM 3.5svn default target x86_64-apple-darwin14.3.0
ignoring nonexistent directory "/usr/include/c++/v1"
#include "..." search starts here:
#include <...> search starts here:
 /Library/Developer/CommandLineTools/usr/bin/../include/c++/v1
 /usr/local/include
 /Library/Developer/CommandLineTools/usr/bin/../lib/clang/6.0/include
 /Library/Developer/CommandLineTools/usr/include
 /usr/include
 /System/Library/Frameworks (framework directory)
 /Library/Frameworks (framework directory)
End of search list.
_test_.o: _test_.c
configure:2409: checking whether g++ accepts -ggdb
Apple LLVM version 6.0 (clang-600.0.57) (based on LLVM 3.5svn)
Target: x86_64-apple-darwin14.3.0
Thread model: posix
clang: warning: treating 'c' input as 'c++' when in C++ mode, this behavior is deprecated
 "/Library/Developer/CommandLineTools/usr/bin/clang" -cc1 -triple x86_64-apple-macosx10.10.0 -emit-obj -mrelax-all -disable-free -disable-llvm-verifier -main-file-name _test_.c -mrelocation-model pic -pic-level 2 -mdisable-fp-elim -masm-verbose -munwind-tables -target-cpu core2 -target-linker-version 241.9 -v -gdwarf-2 -coverage-file /Users/rodrigovillacorta_beta/Projects/Gameboy/gbdk-master/sdcc/sim/ucsim/_test_.o -resource-dir /Library/Developer/CommandLineTools/usr/bin/../lib/clang/6.0 -stdlib=libc++ -fdeprecated-macro -fdebug-compilation-dir /Users/rodrigovillacorta_beta/Projects/Gameboy/gbdk-master/sdcc/sim/ucsim -ferror-limit 19 -fmessage-length 0 -stack-protector 1 -mstackrealign -fblocks -fobjc-runtime=macosx-10.10.0 -fencode-extended-block-signature -fcxx-exceptions -fexceptions -fdiagnostics-show-option -vectorize-slp -o _test_.o -x c++ _test_.c
clang -cc1 version 6.0 based upon LLVM 3.5svn default target x86_64-apple-darwin14.3.0
ignoring nonexistent directory "/usr/include/c++/v1"
#include "..." search starts here:
#include <...> search starts here:
 /Library/Developer/CommandLineTools/usr/bin/../include/c++/v1
 /usr/local/include
 /Library/Developer/CommandLineTools/usr/bin/../lib/clang/6.0/include
 /Library/Developer/CommandLineTools/usr/include
 /usr/include
 /System/Library/Frameworks (framework directory)
 /Library/Frameworks (framework directory)
End of search list.
_test_.c:2:1: error: 'main' must return 'int'
void main(void) {}
^~~~
int
1 error generated.
configure:2438: checking whether g++ accepts -pipe
Apple LLVM version 6.0 (clang-600.0.57) (based on LLVM 3.5svn)
Target: x86_64-apple-darwin14.3.0
Thread model: posix
clang: warning: treating 'c' input as 'c++' when in C++ mode, this behavior is deprecated
 "/Library/Developer/CommandLineTools/usr/bin/clang" -cc1 -triple x86_64-apple-macosx10.10.0 -emit-obj -mrelax-all -disable-free -disable-llvm-verifier -main-file-name _test_.c -mrelocation-model pic -pic-level 2 -mdisable-fp-elim -masm-verbose -munwind-tables -target-cpu core2 -target-linker-version 241.9 -v -coverage-file /Users/rodrigovillacorta_beta/Projects/Gameboy/gbdk-master/sdcc/sim/ucsim/_test_.o -resource-dir /Library/Developer/CommandLineTools/usr/bin/../lib/clang/6.0 -stdlib=libc++ -fdeprecated-macro -fdebug-compilation-dir /Users/rodrigovillacorta_beta/Projects/Gameboy/gbdk-master/sdcc/sim/ucsim -ferror-limit 19 -fmessage-length 0 -stack-protector 1 -mstackrealign -fblocks -fobjc-runtime=macosx-10.10.0 -fencode-extended-block-signature -fcxx-exceptions -fexceptions -fdiagnostics-show-option -vectorize-slp -o _test_.o -x c++ _test_.c
clang -cc1 version 6.0 based upon LLVM 3.5svn default target x86_64-apple-darwin14.3.0
ignoring nonexistent directory "/usr/include/c++/v1"
#include "..." search starts here:
#include <...> search starts here:
 /Library/Developer/CommandLineTools/usr/bin/../include/c++/v1
 /usr/local/include
 /Library/Developer/CommandLineTools/usr/bin/../lib/clang/6.0/include
 /Library/Developer/CommandLineTools/usr/include
 /usr/include
 /System/Library/Frameworks (framework directory)
 /Library/Frameworks (framework directory)
End of search list.
_test_.c:2:1: error: 'main' must return 'int'
void main(void) {}
^~~~
int
1 error generated.
configure:2465: checking whether g++ accepts -fPIC
Apple LLVM version 6.0 (clang-600.0.57) (based on LLVM 3.5svn)
Target: x86_64-apple-darwin14.3.0
Thread model: posix
clang: warning: treating 'c' input as 'c++' when in C++ mode, this behavior is deprecated
 "/Library/Developer/CommandLineTools/usr/bin/clang" -cc1 -triple x86_64-apple-macosx10.10.0 -emit-obj -mrelax-all -disable-free -disable-llvm-verifier -main-file-name _test_.c -mrelocation-model pic -pic-level 2 -mdisable-fp-elim -masm-verbose -munwind-tables -target-cpu core2 -target-linker-version 241.9 -v -coverage-file /Users/rodrigovillacorta_beta/Projects/Gameboy/gbdk-master/sdcc/sim/ucsim/_test_.o -resource-dir /Library/Developer/CommandLineTools/usr/bin/../lib/clang/6.0 -stdlib=libc++ -fdeprecated-macro -fdebug-compilation-dir /Users/rodrigovillacorta_beta/Projects/Gameboy/gbdk-master/sdcc/sim/ucsim -ferror-limit 19 -fmessage-length 0 -stack-protector 1 -mstackrealign -fblocks -fobjc-runtime=macosx-10.10.0 -fencode-extended-block-signature -fcxx-exceptions -fexceptions -fdiagnostics-show-option -vectorize-slp -o _test_.o -x c++ _test_.c
clang -cc1 version 6.0 based upon LLVM 3.5svn default target x86_64-apple-darwin14.3.0
ignoring nonexistent directory "/usr/include/c++/v1"
#include "..." search starts here:
#include <...> search starts here:
 /Library/Developer/CommandLineTools/usr/bin/../include/c++/v1
 /usr/local/include
 /Library/Developer/CommandLineTools/usr/bin/../lib/clang/6.0/include
 /Library/Developer/CommandLineTools/usr/include
 /usr/include
 /System/Library/Frameworks (framework directory)
 /Library/Frameworks (framework directory)
End of search list.
_test_.c:2:1: error: 'main' must return 'int'
void main(void) {}
^~~~
int
1 error generated.
configure:2489: checking whether g++ accepts -fpic
Apple LLVM version 6.0 (clang-600.0.57) (based on LLVM 3.5svn)
Target: x86_64-apple-darwin14.3.0
Thread model: posix
clang: warning: treating 'c' input as 'c++' when in C++ mode, this behavior is deprecated
 "/Library/Developer/CommandLineTools/usr/bin/clang" -cc1 -triple x86_64-apple-macosx10.10.0 -emit-obj -mrelax-all -disable-free -disable-llvm-verifier -main-file-name _test_.c -mrelocation-model pic -pic-level 2 -mdisable-fp-elim -masm-verbose -munwind-tables -target-cpu core2 -target-linker-version 241.9 -v -coverage-file /Users/rodrigovillacorta_beta/Projects/Gameboy/gbdk-master/sdcc/sim/ucsim/_test_.o -resource-dir /Library/Developer/CommandLineTools/usr/bin/../lib/clang/6.0 -stdlib=libc++ -fdeprecated-macro -fdebug-compilation-dir /Users/rodrigovillacorta_beta/Projects/Gameboy/gbdk-master/sdcc/sim/ucsim -ferror-limit 19 -fmessage-length 0 -stack-protector 1 -mstackrealign -fblocks -fobjc-runtime=macosx-10.10.0 -fencode-extended-block-signature -fcxx-exceptions -fexceptions -fdiagnostics-show-option -vectorize-slp -o _test_.o -x c++ _test_.c
clang -cc1 version 6.0 based upon LLVM 3.5svn default target x86_64-apple-darwin14.3.0
ignoring nonexistent directory "/usr/include/c++/v1"
#include "..." search starts here:
#include <...> search starts here:
 /Library/Developer/CommandLineTools/usr/bin/../include/c++/v1
 /usr/local/include
 /Library/Developer/CommandLineTools/usr/bin/../lib/clang/6.0/include
 /Library/Developer/CommandLineTools/usr/include
 /usr/include
 /System/Library/Frameworks (framework directory)
 /Library/Frameworks (framework directory)
End of search list.
_test_.c:2:1: error: 'main' must return 'int'
void main(void) {}
^~~~
int
1 error generated.
configure:2531: checking return type of signal handlers
configure:2572: checking size of char
configure:2615: checking size of short
configure:2658: checking size of int
configure:2701: checking size of long
configure:2744: checking size of long long
configure:2813: checking type name for byte
configure:2817: checking type name for word
configure:2821: checking type name for dword
